TN:
SF:src\services\middlewares\index.ts
FNF:0
FNH:0
DA:1,1
LF:1
LH:1
BRF:0
BRH:0
end_of_record
TN:
SF:src\services\middlewares\order\index.ts
FN:5,(anonymous_0)
FN:5,(anonymous_1)
FN:5,(anonymous_2)
FNF:3
FNH:2
FNDA:1,(anonymous_0)
FNDA:1,(anonymous_1)
FNDA:0,(anonymous_2)
DA:2,1
DA:4,1
DA:5,1
DA:6,0
DA:7,0
DA:9,0
LF:6
LH:3
BRDA:6,0,0,0
BRF:1
BRH:0
end_of_record
TN:
SF:src\services\slices\index.ts
FNF:0
FNH:0
DA:1,6
DA:2,6
DA:3,6
DA:4,6
DA:5,6
LF:5
LH:5
BRF:0
BRH:0
end_of_record
TN:
SF:src\services\slices\burgerConstructorSlice\index.ts
FN:19,(anonymous_2)
FN:24,(anonymous_3)
FN:27,(anonymous_4)
FN:36,(anonymous_5)
FN:43,(anonymous_6)
FN:50,(anonymous_7)
FN:52,(anonymous_8)
FN:56,(anonymous_9)
FNF:8
FNH:6
FNDA:0,(anonymous_2)
FNDA:9,(anonymous_3)
FNDA:9,(anonymous_4)
FNDA:1,(anonymous_5)
FNDA:1,(anonymous_6)
FNDA:1,(anonymous_7)
FNDA:2,(anonymous_8)
FNDA:0,(anonymous_9)
DA:1,6
DA:3,6
DA:10,6
DA:15,6
DA:20,0
DA:24,9
DA:28,9
DA:29,3
DA:31,6
DA:38,1
DA:39,1
DA:40,1
DA:45,1
DA:46,1
DA:47,1
DA:51,1
DA:52,2
DA:57,0
DA:58,0
DA:64,6
DA:72,6
LF:21
LH:18
BRDA:28,0,0,3
BRDA:28,0,1,6
BRF:2
BRH:2
end_of_record
TN:
SF:src\services\slices\feedSlice\index.ts
FN:28,(anonymous_13)
FN:35,(anonymous_16)
FN:37,(anonymous_17)
FN:43,(anonymous_18)
FN:48,(anonymous_19)
FNF:5
FNH:4
FNDA:0,(anonymous_13)
FNDA:2,(anonymous_16)
FNDA:1,(anonymous_17)
FNDA:1,(anonymous_18)
FNDA:1,(anonymous_19)
DA:1,6
DA:2,6
DA:16,6
DA:26,6
DA:28,0
DA:31,6
DA:36,2
DA:38,1
DA:39,1
DA:44,1
DA:45,1
DA:49,1
DA:50,1
DA:55,6
LF:14
LH:13
BRDA:28,0,0,0
BRDA:28,0,1,0
BRDA:50,1,0,1
BRDA:50,1,1,0
BRF:4
BRH:1
end_of_record
TN:
SF:src\services\slices\ingredientsSlice\index.ts
FN:13,(anonymous_13)
FN:26,(anonymous_16)
FN:28,(anonymous_17)
FN:32,(anonymous_18)
FN:38,(anonymous_19)
FNF:5
FNH:4
FNDA:0,(anonymous_13)
FNDA:2,(anonymous_16)
FNDA:1,(anonymous_17)
FNDA:1,(anonymous_18)
FNDA:1,(anonymous_19)
DA:1,6
DA:2,6
DA:11,6
DA:13,0
DA:16,6
DA:22,6
DA:27,2
DA:29,1
DA:30,1
DA:33,1
DA:34,1
DA:39,1
DA:40,1
DA:46,6
LF:14
LH:13
BRDA:13,0,0,0
BRDA:13,0,1,0
BRDA:34,1,0,1
BRDA:34,1,1,0
BRF:4
BRH:1
end_of_record
TN:
SF:src\services\slices\orderSlice\index.ts
FN:7,(anonymous_13)
FN:12,(anonymous_16)
FN:25,(anonymous_19)
FN:58,(anonymous_22)
FN:62,(anonymous_23)
FN:64,(anonymous_24)
FN:68,(anonymous_25)
FN:72,(anonymous_26)
FN:76,(anonymous_27)
FN:80,(anonymous_28)
FN:84,(anonymous_29)
FN:88,(anonymous_30)
FN:92,(anonymous_31)
FN:96,(anonymous_32)
FNF:14
FNH:11
FNDA:0,(anonymous_13)
FNDA:0,(anonymous_16)
FNDA:0,(anonymous_19)
FNDA:1,(anonymous_22)
FNDA:2,(anonymous_23)
FNDA:1,(anonymous_24)
FNDA:1,(anonymous_25)
FNDA:1,(anonymous_26)
FNDA:1,(anonymous_27)
FNDA:1,(anonymous_28)
FNDA:1,(anonymous_29)
FNDA:1,(anonymous_30)
FNDA:1,(anonymous_31)
FNDA:1,(anonymous_32)
DA:1,6
DA:2,6
DA:5,6
DA:7,0
DA:10,6
DA:12,0
DA:13,0
DA:15,0
DA:16,0
DA:19,0
DA:23,6
DA:25,0
DA:26,0
DA:28,0
DA:29,0
DA:32,0
DA:45,6
DA:54,6
DA:59,1
DA:63,2
DA:65,1
DA:66,1
DA:69,1
DA:70,1
DA:73,1
DA:74,1
DA:77,1
DA:78,1
DA:81,1
DA:82,1
DA:85,1
DA:86,1
DA:89,1
DA:90,1
DA:93,1
DA:94,1
DA:97,1
DA:98,1
DA:103,6
DA:104,6
LF:40
LH:29
BRDA:7,0,0,0
BRDA:7,0,1,0
BRDA:13,1,0,0
BRDA:15,2,0,0
BRDA:15,3,0,0
BRDA:15,3,1,0
BRDA:15,4,0,0
BRDA:15,4,1,0
BRDA:26,5,0,0
BRDA:28,6,0,0
BRDA:28,7,0,0
BRDA:28,7,1,0
BRDA:28,8,0,0
BRDA:28,8,1,0
BRDA:74,9,0,1
BRDA:74,9,1,0
BRDA:86,10,0,1
BRDA:86,10,1,0
BRDA:98,11,0,1
BRDA:98,11,1,0
BRF:20
BRH:3
end_of_record
TN:
SF:src\services\slices\userSlice\index.ts
FN:19,(anonymous_13)
FN:33,(anonymous_16)
FN:46,(anonymous_19)
FN:57,(anonymous_22)
FN:68,(anonymous_25)
FN:105,(anonymous_28)
FN:107,(anonymous_29)
FN:111,(anonymous_30)
FN:117,(anonymous_31)
FN:121,(anonymous_32)
FN:125,(anonymous_33)
FN:131,(anonymous_34)
FN:135,(anonymous_35)
FN:138,(anonymous_36)
FN:143,(anonymous_37)
FN:146,(anonymous_38)
FNF:16
FNH:11
FNDA:0,(anonymous_13)
FNDA:0,(anonymous_16)
FNDA:0,(anonymous_19)
FNDA:0,(anonymous_22)
FNDA:0,(anonymous_25)
FNDA:2,(anonymous_28)
FNDA:1,(anonymous_29)
FNDA:1,(anonymous_30)
FNDA:1,(anonymous_31)
FNDA:1,(anonymous_32)
FNDA:1,(anonymous_33)
FNDA:1,(anonymous_34)
FNDA:1,(anonymous_35)
FNDA:1,(anonymous_36)
FNDA:1,(anonymous_37)
FNDA:1,(anonymous_38)
DA:1,6
DA:13,6
DA:14,6
DA:17,6
DA:19,0
DA:20,0
DA:21,0
DA:22,0
DA:23,0
DA:24,0
DA:27,0
DA:31,6
DA:33,0
DA:34,0
DA:35,0
DA:36,0
DA:37,0
DA:38,0
DA:40,0
DA:44,6
DA:46,0
DA:47,0
DA:48,0
DA:49,0
DA:51,0
DA:55,6
DA:57,0
DA:58,0
DA:59,0
DA:60,0
DA:62,0
DA:66,6
DA:68,0
DA:69,0
DA:70,0
DA:71,0
DA:72,0
DA:74,0
DA:88,6
DA:101,6
DA:106,2
DA:108,1
DA:109,1
DA:112,1
DA:113,1
DA:118,1
DA:119,1
DA:122,1
DA:123,1
DA:126,1
DA:127,1
DA:132,1
DA:133,1
DA:136,1
DA:139,1
DA:140,1
DA:141,1
DA:144,1
DA:147,1
DA:148,1
DA:153,6
LF:61
LH:31
BRDA:20,0,0,0
BRDA:21,1,0,0
BRDA:21,2,0,0
BRDA:21,2,1,0
BRDA:21,3,0,0
BRDA:21,3,1,0
BRDA:34,4,0,0
BRDA:35,5,0,0
BRDA:35,6,0,0
BRDA:35,6,1,0
BRDA:35,7,0,0
BRDA:35,7,1,0
BRDA:47,8,0,0
BRDA:48,9,0,0
BRDA:48,10,0,0
BRDA:48,10,1,0
BRDA:48,11,0,0
BRDA:48,11,1,0
BRDA:58,12,0,0
BRDA:59,13,0,0
BRDA:59,14,0,0
BRDA:59,14,1,0
BRDA:59,15,0,0
BRDA:59,15,1,0
BRDA:69,16,0,0
BRDA:70,17,0,0
BRDA:70,18,0,0
BRDA:70,18,1,0
BRDA:70,19,0,0
BRDA:70,19,1,0
BRDA:113,20,0,1
BRDA:113,20,1,0
BRDA:127,21,0,1
BRDA:127,21,1,0
BRF:34
BRH:2
end_of_record
TN:
SF:src\services\store\index.ts
FN:31,(anonymous_0)
FN:40,(anonymous_1)
FNF:2
FNH:1
FNDA:1,(anonymous_0)
FNDA:0,(anonymous_1)
DA:1,1
DA:5,1
DA:11,1
DA:19,1
DA:21,1
DA:29,1
DA:32,1
DA:40,1
DA:41,1
LF:9
LH:9
BRF:0
BRH:0
end_of_record
TN:
SF:src\utils\burger-api.ts
FN:6,(anonymous_13)
FN:7,(anonymous_14)
FN:18,(anonymous_15)
FN:28,(anonymous_16)
FN:29,(anonymous_17)
FN:38,(anonymous_18)
FN:40,(anonymous_19)
FN:74,(anonymous_21)
FN:76,(anonymous_22)
FN:77,(anonymous_23)
FN:82,(anonymous_24)
FN:84,(anonymous_25)
FN:85,(anonymous_26)
FN:90,(anonymous_27)
FN:97,(anonymous_28)
FN:107,(anonymous_29)
FN:117,(anonymous_30)
FN:126,(anonymous_31)
FN:132,(anonymous_32)
FN:146,(anonymous_33)
FN:154,(anonymous_34)
FN:155,(anonymous_35)
FN:165,(anonymous_36)
FN:173,(anonymous_37)
FN:174,(anonymous_38)
FN:179,(anonymous_39)
FN:187,(anonymous_40)
FN:188,(anonymous_41)
FN:193,(anonymous_42)
FN:201,(anonymous_43)
FN:202,(anonymous_44)
FN:209,(anonymous_45)
FN:216,(anonymous_46)
FN:226,(anonymous_47)
FN:235,(anonymous_48)
FNF:35
FNH:0
FNDA:0,(anonymous_13)
FNDA:0,(anonymous_14)
FNDA:0,(anonymous_15)
FNDA:0,(anonymous_16)
FNDA:0,(anonymous_17)
FNDA:0,(anonymous_18)
FNDA:0,(anonymous_19)
FNDA:0,(anonymous_21)
FNDA:0,(anonymous_22)
FNDA:0,(anonymous_23)
FNDA:0,(anonymous_24)
FNDA:0,(anonymous_25)
FNDA:0,(anonymous_26)
FNDA:0,(anonymous_27)
FNDA:0,(anonymous_28)
FNDA:0,(anonymous_29)
FNDA:0,(anonymous_30)
FNDA:0,(anonymous_31)
FNDA:0,(anonymous_32)
FNDA:0,(anonymous_33)
FNDA:0,(anonymous_34)
FNDA:0,(anonymous_35)
FNDA:0,(anonymous_36)
FNDA:0,(anonymous_37)
FNDA:0,(anonymous_38)
FNDA:0,(anonymous_39)
FNDA:0,(anonymous_40)
FNDA:0,(anonymous_41)
FNDA:0,(anonymous_42)
FNDA:0,(anonymous_43)
FNDA:0,(anonymous_44)
FNDA:0,(anonymous_45)
FNDA:0,(anonymous_46)
FNDA:0,(anonymous_47)
FNDA:0,(anonymous_48)
DA:1,6
DA:4,6
DA:6,6
DA:7,0
DA:18,6
DA:19,0
DA:28,0
DA:30,0
DA:31,0
DA:33,0
DA:34,0
DA:35,0
DA:38,6
DA:40,0
DA:43,0
DA:44,0
DA:46,0
DA:47,0
DA:48,0
DA:49,0
DA:52,0
DA:53,0
DA:55,0
DA:74,6
DA:75,0
DA:76,0
DA:78,0
DA:79,0
DA:82,6
DA:83,0
DA:84,0
DA:86,0
DA:87,0
DA:90,6
DA:91,0
DA:98,0
DA:99,0
DA:107,6
DA:108,0
DA:118,0
DA:119,0
DA:126,6
DA:127,0
DA:132,0
DA:146,6
DA:147,0
DA:154,0
DA:156,0
DA:157,0
DA:165,6
DA:166,0
DA:173,0
DA:175,0
DA:176,0
DA:179,6
DA:180,0
DA:187,0
DA:189,0
DA:190,0
DA:193,6
DA:194,0
DA:201,0
DA:203,0
DA:204,0
DA:209,6
DA:210,0
DA:216,6
DA:217,0
DA:226,6
DA:227,0
DA:235,0
LF:71
LH:17
BRDA:7,0,0,0
BRDA:7,0,1,0
BRDA:30,1,0,0
BRDA:44,2,0,0
BRDA:44,2,1,0
BRDA:44,2,2,0
BRDA:46,3,0,0
BRDA:48,4,0,0
BRDA:78,5,0,0
BRDA:78,6,0,0
BRDA:78,6,1,0
BRDA:78,7,0,0
BRDA:78,7,1,0
BRDA:86,8,0,0
BRDA:86,9,0,0
BRDA:86,9,1,0
BRDA:86,10,0,0
BRDA:86,10,1,0
BRDA:98,11,0,0
BRDA:98,12,0,0
BRDA:98,12,1,0
BRDA:98,13,0,0
BRDA:98,13,1,0
BRDA:118,14,0,0
BRDA:118,15,0,0
BRDA:118,15,1,0
BRDA:118,16,0,0
BRDA:118,16,1,0
BRDA:156,17,0,0
BRDA:156,18,0,0
BRDA:156,18,1,0
BRDA:156,19,0,0
BRDA:156,19,1,0
BRDA:175,20,0,0
BRDA:175,21,0,0
BRDA:175,21,1,0
BRDA:175,22,0,0
BRDA:175,22,1,0
BRDA:189,23,0,0
BRDA:189,24,0,0
BRDA:189,24,1,0
BRDA:189,25,0,0
BRDA:189,25,1,0
BRDA:203,26,0,0
BRDA:203,27,0,0
BRDA:203,27,1,0
BRDA:203,28,0,0
BRDA:203,28,1,0
BRF:48
BRH:0
end_of_record
TN:
SF:src\utils\cookie.ts
FN:1,getCookie
FN:13,setCookie
FN:45,deleteCookie
FNF:3
FNH:0
FNDA:0,getCookie
FNDA:0,setCookie
FNDA:0,deleteCookie
DA:1,6
DA:2,0
DA:10,0
DA:13,6
DA:16,0
DA:18,0
DA:23,0
DA:24,0
DA:25,0
DA:26,0
DA:27,0
DA:30,0
DA:31,0
DA:33,0
DA:34,0
DA:35,0
DA:36,0
DA:37,0
DA:38,0
DA:39,0
DA:42,0
DA:45,6
DA:46,0
LF:23
LH:3
BRDA:10,0,0,0
BRDA:10,0,1,0
BRDA:16,1,0,0
BRDA:24,2,0,0
BRDA:24,3,0,0
BRDA:24,3,1,0
BRDA:30,4,0,0
BRDA:30,5,0,0
BRDA:30,5,1,0
BRDA:38,6,0,0
BRF:10
BRH:0
end_of_record
TN:
SF:src\utils\tokens.ts
FN:3,(anonymous_0)
FN:8,(anonymous_1)
FNF:2
FNH:0
FNDA:0,(anonymous_0)
FNDA:0,(anonymous_1)
DA:1,6
DA:3,6
DA:4,0
DA:5,0
DA:8,6
DA:9,0
DA:10,0
LF:7
LH:3
BRF:0
BRH:0
end_of_record
